[debug] [2024-09-17T04:24:52.081Z] ----------------------------------------------------------------------
[debug] [2024-09-17T04:24:52.084Z] Command:       C:\Program Files\nodejs\node.exe C:\Users\ADMIN\AppData\Roaming\npm\node_modules\firebase-tools\lib\bin\firebase.js init
[debug] [2024-09-17T04:24:52.084Z] CLI Version:   13.17.0
[debug] [2024-09-17T04:24:52.085Z] Platform:      win32
[debug] [2024-09-17T04:24:52.085Z] Node Version:  v20.17.0
[debug] [2024-09-17T04:24:52.085Z] Time:          Tue Sep 17 2024 11:24:52 GMT+0700 (Indochina Time)
[debug] [2024-09-17T04:24:52.085Z] ----------------------------------------------------------------------
[debug] 
[debug] [2024-09-17T04:24:52.094Z] > command requires scopes: ["email","openid","https://www.googleapis.com/auth/cloudplatformprojects.readonly","https://www.googleapis.com/auth/firebase","https://www.googleapis.com/auth/cloud-platform"]
[debug] [2024-09-17T04:24:52.094Z] > authorizing via signed-in user (ehero0512@gmail.com)
[info] 
     ######## #### ########  ######## ########     ###     ######  ########
     ##        ##  ##     ## ##       ##     ##  ##   ##  ##       ##
     ######    ##  ########  ######   ########  #########  ######  ######
     ##        ##  ##    ##  ##       ##     ## ##     ##       ## ##
     ##       #### ##     ## ######## ########  ##     ##  ######  ########

You're about to initialize a Firebase project in this directory:

  C:\Users\ADMIN\Desktop\code\ts_js\firebase_social_media

[info] 
=== Project Setup
[info] 
[info] First, let's associate this project directory with a Firebase project.
[info] You can create multiple project aliases by running firebase use --add, 
[info] but for now we'll just set up a default project.
[info] 
[debug] [2024-09-17T04:25:04.920Z] > refreshing access token with scopes: []
[debug] [2024-09-17T04:25:04.922Z] >>> [apiv2][query] POST https://www.googleapis.com/oauth2/v3/token [none]
[debug] [2024-09-17T04:25:04.922Z] >>> [apiv2][body] POST https://www.googleapis.com/oauth2/v3/token [omitted]
[debug] [2024-09-17T04:25:05.207Z] <<< [apiv2][status] POST https://www.googleapis.com/oauth2/v3/token 200
[debug] [2024-09-17T04:25:05.207Z] <<< [apiv2][body] POST https://www.googleapis.com/oauth2/v3/token [omitted]
[debug] [2024-09-17T04:25:05.214Z] >>> [apiv2][query] GET https://firebase.googleapis.com/v1beta1/projects pageSize=100
[debug] [2024-09-17T04:25:05.669Z] <<< [apiv2][status] GET https://firebase.googleapis.com/v1beta1/projects 200
[debug] [2024-09-17T04:25:05.670Z] <<< [apiv2][body] GET https://firebase.googleapis.com/v1beta1/projects [omitted]
[info] i  Using project fir-social-media-f68d6 (firebase-social-media) 
[info] 
=== Hosting Setup
[debug] [2024-09-17T04:25:08.665Z] >>> [apiv2][query] GET https://firebase.googleapis.com/v1beta1/projects/fir-social-media-f68d6 [none]
[debug] [2024-09-17T04:25:09.126Z] <<< [apiv2][status] GET https://firebase.googleapis.com/v1beta1/projects/fir-social-media-f68d6 200
[debug] [2024-09-17T04:25:09.127Z] <<< [apiv2][body] GET https://firebase.googleapis.com/v1beta1/projects/fir-social-media-f68d6 {"projectId":"fir-social-media-f68d6","projectNumber":"692930972793","displayName":"firebase-social-media","name":"projects/fir-social-media-f68d6","resources":{"hostingSite":"fir-social-media-f68d6"},"state":"ACTIVE","etag":"1_e494699b-b0f1-4333-8b58-8ba578dc6539"}
[info] 
[info] Your public directory is the folder (relative to your project directory) that
[info] will contain Hosting assets to be uploaded with firebase deploy. If you
[info] have a build process for your assets, use your build's output directory.
[info] 
